2025-07-18 12:56:15:5615 info: GET /api/admin/users/67de8c8014c2bf92b3bdb37a 404 78 - 49.713 ms
2025-07-18 13:11:21:1121 info: GET /api/admin/users/67de8c8014c2bf92b3bdb37a 404 78 - 61.116 ms source={ userId: 686781e6ed43eaa115fc71b9, ip: ::1, userAgent: PostmanRuntime/7.44.1 }
2025-07-18 15:20:44:2044 [info] GET /api/admin/users/67de8c8014c2bf92b3bdb37a 404 78 - 45.172 ms source={ userId: 686781e6ed43eaa115fc71b9, ip: ::1, userAgent: PostmanRuntime/7.44.1 } {"requestId":"1752832244207-cn7fwi","userId":"guest","ip":"::1"}
2025-07-18 18:09:41:941 [info] GET /blog/ 404 144 - 9.516 ms source={ userId: Unauthenticated, ip: ::1, userAgent: PostmanRuntime/7.44.1 } {"requestId":"1752842381262-81d5hx","userId":"guest","ip":"::1"}
2025-07-18 18:10:50:1050 [info] GET /blog/ 404 144 - 9.477 ms source={ userId: Unauthenticated, ip: ::1, userAgent: PostmanRuntime/7.44.1 } {"requestId":"1752842450908-hlcgh5","userId":"guest","ip":"::1"}
2025-07-18 18:12:01:121 [info] GET /blog/ 404 144 - 5.865 ms source={ userId: Unauthenticated, ip: ::1, userAgent: PostmanRuntime/7.44.1 } {"requestId":"1752842521587-igd24s","userId":"guest","ip":"::1"}
2025-07-18 18:12:25:1225 [info] GET /api/blog/ 200 31 - 5.127 ms source={ userId: Unauthenticated, ip: ::1, userAgent: PostmanRuntime/7.44.1 } {"requestId":"1752842545536-ljrfot","userId":"guest","ip":"::1"}
2025-07-18 18:14:18:1418 [info] GET /api/blog/ 200 86 - 48.174 ms source={ userId: Unauthenticated, ip: ::1, userAgent: PostmanRuntime/7.44.1 } {"requestId":"1752842658754-w9pbqm","userId":"guest","ip":"::1"}
2025-07-19 12:42:34:4234 [info] POST /api/blogs/ 404 150 - 3.773 ms source={ userId: Unauthenticated, ip: ::1, userAgent: PostmanRuntime/7.44.1 } {"requestId":"1752909154851-ih1vxy","userId":"guest","ip":"::1"}
2025-07-19 12:43:40:4340 [info] POST /api/blogs/ 401 63 - 6.013 ms source={ userId: Unauthenticated, ip: ::1, userAgent: PostmanRuntime/7.44.1 } {"requestId":"1752909220484-ftsc31","userId":"guest","ip":"::1"}
2025-07-19 12:44:47:4447 [info] POST /api/blogs/ 201 302 - 57.050 ms source={ userId: 686781e6ed43eaa115fc71b9, ip: ::1, userAgent: PostmanRuntime/7.44.1 } {"requestId":"1752909287231-nkctyh","userId":"guest","ip":"::1"}
2025-07-19 12:47:46:4746 [info] GET /api/api/blog/ 404 152 - 1.485 ms source={ userId: Unauthenticated, ip: ::1, userAgent: PostmanRuntime/7.44.1 } {"requestId":"1752909466174-ud2rky","userId":"guest","ip":"::1"}
2025-07-19 12:47:53:4753 [info] GET /api/blog/ 404 148 - 1.401 ms source={ userId: Unauthenticated, ip: ::1, userAgent: PostmanRuntime/7.44.1 } {"requestId":"1752909473542-6om1zg","userId":"guest","ip":"::1"}
2025-07-19 12:47:59:4759 [info] GET /api/blogs/ 200 412 - 44.822 ms source={ userId: Unauthenticated, ip: ::1, userAgent: PostmanRuntime/7.44.1 } {"requestId":"1752909479146-76yjvy","userId":"guest","ip":"::1"}
2025-07-19 12:53:44:5344 [info] GET /api/blogs/test 200 350 - 45.554 ms source={ userId: Unauthenticated, ip: ::1, userAgent: PostmanRuntime/7.44.1 } {"requestId":"1752909824952-f10nwx","userId":"guest","ip":"::1"}
2025-07-19 12:54:38:5438 [info] GET /api/blogs/test 200 350 - 29.771 ms source={ userId: Unauthenticated, ip: ::1, userAgent: PostmanRuntime/7.44.1 } {"requestId":"1752909878046-ybd1as","userId":"guest","ip":"::1"}
2025-07-19 12:56:18:5618 [info] PUT /api/blogs/687b45e78b34ea5cecdeed7f 401 63 - 1.369 ms source={ userId: Unauthenticated, ip: ::1, userAgent: PostmanRuntime/7.44.1 } {"requestId":"1752909978635-1mfqqh","userId":"guest","ip":"::1"}
2025-07-19 12:56:25:5625 [info] PUT /api/blogs/687b45e78b34ea5cecdeed7f 200 303 - 53.033 ms source={ userId: 686781e6ed43eaa115fc71b9, ip: ::1, userAgent: PostmanRuntime/7.44.1 } {"requestId":"1752909985869-wr0gtc","userId":"guest","ip":"::1"}
2025-07-19 12:57:18:5718 [info] GET /api/blogs/687b45e78b34ea5cecdeed7f 500 54 - 12.210 ms source={ userId: Unauthenticated, ip: ::1, userAgent: PostmanRuntime/7.44.1 } {"requestId":"1752910038876-tse1dp","userId":"guest","ip":"::1"}
2025-07-19 13:00:17:017 [info] GET /api/blogs/tag/test 200 353 - 25.108 ms source={ userId: Unauthenticated, ip: ::1, userAgent: PostmanRuntime/7.44.1 } {"requestId":"1752910217807-7je23z","userId":"guest","ip":"::1"}
2025-07-19 13:03:16:316 [info] GET /api/blogs/tag/test 200 353 - 28.475 ms source={ userId: Unauthenticated, ip: ::1, userAgent: PostmanRuntime/7.44.1 } {"requestId":"1752910396302-h5yk7m","userId":"guest","ip":"::1"}
2025-07-19 13:03:57:357 [info] GET /api/blogs/id/687b45e78b34ea5cecdeed7f 404 176 - 0.436 ms source={ userId: Unauthenticated, ip: ::1, userAgent: PostmanRuntime/7.44.1 } {"requestId":"1752910437448-702xdf","userId":"guest","ip":"::1"}
2025-07-19 16:13:52:1352 [info] POST /api/blogs/category 201 211 - 65.321 ms source={ userId: 686781e6ed43eaa115fc71b9, ip: ::1, userAgent: PostmanRuntime/7.44.1 } {"requestId":"1752921832754-kwp08m","userId":"guest","ip":"::1"}
2025-07-19 16:15:26:1526 [info] GET /api/blogs/categories 200 213 - 10.820 ms source={ userId: Unauthenticated, ip: ::1, userAgent: PostmanRuntime/7.44.1 } {"requestId":"1752921926568-nmfimn","userId":"guest","ip":"::1"}
2025-07-19 16:30:35:3035 [info] POST /api/blogs/ 404 46 - 62.932 ms source={ userId: 686781e6ed43eaa115fc71b9, ip: ::1, userAgent: PostmanRuntime/7.44.1 } {"requestId":"1752922835576-9k0492","userId":"guest","ip":"::1"}
2025-07-22 11:39:51:3951 [info] GET / 200 20 - 320.565 ms source={ userId: Unauthenticated, ip: ::1, userAgent: Mozilla/5.0 (Windows NT 10.0; Win64; x64) AppleWebKit/537.36 (KHTML, like Gecko) Chrome/135.0.0.0 Safari/537.36 } {"requestId":"1753164590838-wmu80k","userId":"guest","ip":"::1"}
2025-07-22 11:39:52:3952 [info] GET /favicon.ico 404 150 - 318.180 ms source={ userId: Unauthenticated, ip: ::1, userAgent: Mozilla/5.0 (Windows NT 10.0; Win64; x64) AppleWebKit/537.36 (KHTML, like Gecko) Chrome/135.0.0.0 Safari/537.36 } {"requestId":"1753164591741-bt8rs8","userId":"guest","ip":"::1"}
2025-07-23 11:17:56:1756 [info] POST /api/blogs/ 500 82 - 1579.923 ms source={ userId: 686781e6ed43eaa115fc71b9, ip: ::1, userAgent: PostmanRuntime/7.44.1 } {"requestId":"1753249674770-6c8bc7","userId":"guest","ip":"::1"}
2025-07-23 11:23:18:2318 [info] POST /api/blogs/ 500 82 - 306.043 ms source={ userId: 686781e6ed43eaa115fc71b9, ip: ::1, userAgent: PostmanRuntime/7.44.1 } {"requestId":"1753249998050-dx6c7w","userId":"guest","ip":"::1"}
2025-07-23 11:24:29:2429 [info] POST /api/blogs/ 500 82 - 124.434 ms source={ userId: 686781e6ed43eaa115fc71b9, ip: ::1, userAgent: PostmanRuntime/7.44.1 } {"requestId":"1753250068885-s29tuy","userId":"guest","ip":"::1"}
2025-07-23 11:24:35:2435 [info] POST /api/blogs/ 500 82 - 52.575 ms source={ userId: 686781e6ed43eaa115fc71b9, ip: ::1, userAgent: PostmanRuntime/7.44.1 } {"requestId":"1753250075800-eyysob","userId":"guest","ip":"::1"}
2025-07-23 11:25:14:2514 [info] POST /api/blogs/ 500 82 - 31.405 ms source={ userId: 686781e6ed43eaa115fc71b9, ip: ::1, userAgent: PostmanRuntime/7.44.1 } {"requestId":"1753250114297-zt18he","userId":"guest","ip":"::1"}
2025-07-23 11:25:36:2536 [info] POST /api/blogs/ 500 82 - 69.798 ms source={ userId: 686781e6ed43eaa115fc71b9, ip: ::1, userAgent: PostmanRuntime/7.44.1 } {"requestId":"1753250135934-bbecuf","userId":"guest","ip":"::1"}
2025-07-23 11:39:26:3926 [info] POST /api/blogs/ 500 82 - 57.495 ms source={ userId: 686781e6ed43eaa115fc71b9, ip: ::1, userAgent: PostmanRuntime/7.44.1 } {"requestId":"1753250966179-tagj0n","userId":"guest","ip":"::1"}
2025-07-23 11:40:23:4023 [info] POST /api/blogs/ 500 82 - 42.997 ms source={ userId: 686781e6ed43eaa115fc71b9, ip: ::1, userAgent: PostmanRuntime/7.44.1 } {"requestId":"1753251023388-c0hgjl","userId":"guest","ip":"::1"}
2025-07-23 11:51:02:512 [info] POST /api/blogs/ 404 46 - 64.701 ms source={ userId: 686781e6ed43eaa115fc71b9, ip: ::1, userAgent: PostmanRuntime/7.44.1 } {"requestId":"1753251662729-tqfql1","userId":"guest","ip":"::1"}
2025-07-23 12:50:35:5035 [info] POST /api/blogs/ 404 46 - 105.157 ms source={ userId: 686781e6ed43eaa115fc71b9, ip: ::1, userAgent: PostmanRuntime/7.44.1 } {"requestId":"1753255235331-hhszmo","userId":"guest","ip":"::1"}
2025-07-23 12:51:30:5130 [info] POST /api/blogs/ 404 46 - 35.430 ms source={ userId: 686781e6ed43eaa115fc71b9, ip: ::1, userAgent: PostmanRuntime/7.44.1 } {"requestId":"1753255290957-ext7mo","userId":"guest","ip":"::1"}
2025-07-23 12:57:13:5713 [info] POST /api/blogs/ 500 54 - 37.908 ms source={ userId: 686781e6ed43eaa115fc71b9, ip: ::1, userAgent: PostmanRuntime/7.44.1 } {"requestId":"1753255633357-6nz6i7","userId":"guest","ip":"::1"}
2025-07-23 12:59:11:5911 [info] POST /api/blogs/ 500 54 - 46.266 ms source={ userId: 686781e6ed43eaa115fc71b9, ip: ::1, userAgent: PostmanRuntime/7.44.1 } {"requestId":"1753255751564-e2qske","userId":"guest","ip":"::1"}
2025-07-23 12:59:45:5945 [info] POST /api/blogs/ 500 54 - 69.734 ms source={ userId: 686781e6ed43eaa115fc71b9, ip: ::1, userAgent: PostmanRuntime/7.44.1 } {"requestId":"1753255785491-3ty19q","userId":"guest","ip":"::1"}
2025-07-23 13:01:23:123 [info] POST /api/blogs/ 500 54 - 92.072 ms source={ userId: 686781e6ed43eaa115fc71b9, ip: ::1, userAgent: PostmanRuntime/7.44.1 } {"requestId":"1753255883100-i8zf2p","userId":"guest","ip":"::1"}
2025-07-23 13:01:46:146 [info] POST /api/blogs/ 400 57 - 113.742 ms source={ userId: 686781e6ed43eaa115fc71b9, ip: ::1, userAgent: PostmanRuntime/7.44.1 } {"requestId":"1753255906600-iogej5","userId":"guest","ip":"::1"}
2025-07-23 13:02:13:213 [info] POST /api/blogs/ 400 57 - 36.234 ms source={ userId: 686781e6ed43eaa115fc71b9, ip: ::1, userAgent: PostmanRuntime/7.44.1 } {"requestId":"1753255933039-n7mwaw","userId":"guest","ip":"::1"}
2025-07-23 13:06:14:614 [info] POST /api/blogs/ 500 47 - 798.783 ms source={ userId: 686781e6ed43eaa115fc71b9, ip: ::1, userAgent: PostmanRuntime/7.44.1 } {"requestId":"1753256173438-rfw83a","userId":"guest","ip":"::1"}
2025-07-23 13:08:17:817 [info] POST /api/blogs/ 400 57 - 172.608 ms source={ userId: 686781e6ed43eaa115fc71b9, ip: ::1, userAgent: PostmanRuntime/7.44.1 } {"requestId":"1753256297715-4lg42v","userId":"guest","ip":"::1"}
2025-07-23 14:46:31:4631 [info] POST /api/blogs/ 400 56 - 118.959 ms source={ userId: 686781e6ed43eaa115fc71b9, ip: ::1, userAgent: PostmanRuntime/7.44.1 } {"requestId":"1753262191830-vmlhm7","userId":"guest","ip":"::1"}
2025-07-23 14:50:57:5057 [info] POST /api/blogs/ 400 56 - 138.338 ms source={ userId: 686781e6ed43eaa115fc71b9, ip: ::1, userAgent: PostmanRuntime/7.44.1 } {"requestId":"1753262457700-iwivjr","userId":"guest","ip":"::1"}
2025-07-23 14:53:32:5332 [info] POST /api/blogs/ 400 56 - 86.339 ms source={ userId: 686781e6ed43eaa115fc71b9, ip: ::1, userAgent: PostmanRuntime/7.44.1 } {"requestId":"1753262612503-roz35s","userId":"guest","ip":"::1"}
2025-07-23 14:56:39:5639 [info] POST /api/blogs/ 201 12828 - 103.345 ms source={ userId: 686781e6ed43eaa115fc71b9, ip: ::1, userAgent: PostmanRuntime/7.44.1 } {"requestId":"1753262799633-ds8lxx","userId":"guest","ip":"::1"}
2025-07-23 14:57:19:5719 [info] POST /api/blogs/ 400 57 - 259.128 ms source={ userId: 686781e6ed43eaa115fc71b9, ip: ::1, userAgent: PostmanRuntime/7.44.1 } {"requestId":"1753262838744-bg16ss","userId":"guest","ip":"::1"}
2025-07-23 15:02:51:251 [info] POST /api/blogs/ 201 12828 - 58.596 ms source={ userId: 686781e6ed43eaa115fc71b9, ip: ::1, userAgent: PostmanRuntime/7.44.1 } {"requestId":"1753263171856-3xw028","userId":"guest","ip":"::1"}
2025-07-23 15:03:09:39 [info] POST /api/blogs/ 400 57 - 45.980 ms source={ userId: 686781e6ed43eaa115fc71b9, ip: ::1, userAgent: PostmanRuntime/7.44.1 } {"requestId":"1753263189138-m8ozrg","userId":"guest","ip":"::1"}
2025-07-23 15:08:49:849 [info] POST /api/blogs/ 201 12828 - 68.142 ms source={ userId: 686781e6ed43eaa115fc71b9, ip: ::1, userAgent: PostmanRuntime/7.44.1 } {"requestId":"1753263529728-vsbp60","userId":"guest","ip":"::1"}
2025-07-23 15:11:11:1111 [info] POST /api/blogs/ 201 12828 - 83.761 ms source={ userId: 686781e6ed43eaa115fc71b9, ip: ::1, userAgent: PostmanRuntime/7.44.1 } {"requestId":"1753263671349-toktb3","userId":"guest","ip":"::1"}
